g:\documents\visual studio 2010\projects\tcc\tcc\debug\tcc.pch
g:\documents\visual studio 2010\projects\tcc\tcc\debug\stdafx.obj
g:\documents\visual studio 2010\projects\tcc\tcc\debug\vc100.pdb
g:\documents\visual studio 2010\projects\tcc\tcc\debug\tcc.obj
g:\documents\visual studio 2010\projects\tcc\tcc\debug\tccdlg.obj
c:\users\wangxiaojian\desktop\新建文件夹\tcc\tcc\debug\tcc.pch
c:\users\wangxiaojian\desktop\新建文件夹\tcc\tcc\debug\stdafx.obj
c:\users\wangxiaojian\desktop\新建文件夹\tcc\tcc\debug\vc100.pdb
c:\users\wangxiaojian\desktop\新建文件夹\tcc\tcc\debug\tcc.obj
c:\users\wangxiaojian\desktop\新建文件夹\tcc\tcc\debug\tccdlg.obj
c:\users\wangxiaojian\desktop\tcc\tcc\tcc\debug\tcc.pch
c:\users\wangxiaojian\desktop\tcc\tcc\tcc\debug\stdafx.obj
c:\users\wangxiaojian\desktop\tcc\tcc\tcc\debug\vc100.pdb
c:\users\wangxiaojian\desktop\tcc\tcc\tcc\debug\tcc.obj
c:\users\wangxiaojian\desktop\tcc\tcc\tcc\debug\tccdlg.obj
c:\users\wangxiaojian\desktop\tcc\tcc\tcc\debug\main.obj
c:\users\liuwu\desktop\tcc vol.9\tcc\debug\tcc.pch
c:\users\liuwu\desktop\tcc vol.9\tcc\debug\stdafx.obj
c:\users\liuwu\desktop\tcc vol.9\tcc\debug\vc100.pdb
c:\users\liuwu\desktop\tcc vol.9\tcc\debug\main.obj
c:\users\liuwu\desktop\tcc vol.9\tcc\debug\tcc.obj
c:\users\liuwu\desktop\tcc vol.9\tcc\debug\tccdlg.obj
g:\documents\visual studio 2010\projects\tcc\debug\tcc.ilk
g:\documents\visual studio 2010\projects\tcc\debug\tcc.exe
g:\documents\visual studio 2010\projects\tcc\tcc\debug\tcc.exe.intermediate.manifest
g:\documents\visual studio 2010\projects\tcc\debug\tcc.pdb
c:\users\wangxiaojian\desktop\tcc\tcc\debug\tcc.ilk
c:\users\wangxiaojian\desktop\tcc\tcc\debug\tcc.exe
c:\users\wangxiaojian\desktop\tcc\tcc\tcc\debug\tcc.exe.intermediate.manifest
c:\users\wangxiaojian\desktop\tcc\tcc\debug\tcc.pdb
c:\users\liuwu\desktop\tcc vol.9\debug\tcc.ilk
c:\users\liuwu\desktop\tcc vol.9\debug\tcc.exe
c:\users\liuwu\desktop\tcc vol.9\tcc\debug\tcc.exe.intermediate.manifest
c:\users\liuwu\desktop\tcc vol.9\debug\tcc.pdb
g:\documents\visual studio 2010\projects\tcc\tcc\debug\tcc.exe.embed.manifest
g:\documents\visual studio 2010\projects\tcc\tcc\debug\tcc.exe.embed.manifest.res
g:\documents\visual studio 2010\projects\tcc\tcc\debug\tcc.res
c:\users\wangxiaojian\desktop\tcc\tcc\tcc\debug\tcc.exe.embed.manifest.res
c:\users\wangxiaojian\desktop\tcc\tcc\tcc\debug\tcc.res
c:\users\liuwu\desktop\tcc vol.9\tcc\debug\tcc.res
c:\users\liuwu\desktop\tcc vol.9\tcc\debug\tcc.exe.embed.manifest.res
c:\users\liuwu\desktop\tcc vol9\tcc\debug\tcc.pch
c:\users\liuwu\desktop\tcc vol9\tcc\debug\vc140.pdb
c:\users\liuwu\desktop\tcc vol9\tcc\debug\vc140.idb
c:\users\liuwu\desktop\tcc vol9\tcc\debug\stdafx.obj
c:\users\liuwu\desktop\tcc vol9\tcc\debug\main.obj
c:\users\liuwu\desktop\tcc vol9\tcc\debug\tcc.obj
c:\users\liuwu\desktop\tcc vol9\tcc\debug\tccdlg.obj
c:\users\liuwu\desktop\tcc vol9\tcc\debug\mynewdlg1.obj
c:\users\liuwu\desktop\tcc vol9\debug\tcc.ilk
c:\users\liuwu\desktop\tcc vol9\debug\tcc.exe
c:\users\liuwu\desktop\tcc vol9\debug\tcc.pdb
c:\users\liuwu\desktop\tcc vol9\tcc\debug\tcc.res
c:\users\liuwu\desktop\tcc vol9\tcc\debug\tcc.vcxprojresolveassemblyreference.cache
c:\users\liuwu\desktop\tcc vol9\tcc\debug\cl.command.1.tlog
c:\users\liuwu\desktop\tcc vol9\tcc\debug\cl.read.1.tlog
c:\users\liuwu\desktop\tcc vol9\tcc\debug\cl.write.1.tlog
c:\users\liuwu\desktop\tcc vol9\tcc\debug\link-cvtres.read.1.tlog
c:\users\liuwu\desktop\tcc vol9\tcc\debug\link-cvtres.write.1.tlog
c:\users\liuwu\desktop\tcc vol9\tcc\debug\link.2816-cvtres.read.1.tlog
c:\users\liuwu\desktop\tcc vol9\tcc\debug\link.2816-cvtres.write.1.tlog
c:\users\liuwu\desktop\tcc vol9\tcc\debug\link.2816.read.1.tlog
c:\users\liuwu\desktop\tcc vol9\tcc\debug\link.2816.write.1.tlog
c:\users\liuwu\desktop\tcc vol9\tcc\debug\link.2980-cvtres.read.1.tlog
c:\users\liuwu\desktop\tcc vol9\tcc\debug\link.2980-cvtres.write.1.tlog
c:\users\liuwu\desktop\tcc vol9\tcc\debug\link.2980.read.1.tlog
c:\users\liuwu\desktop\tcc vol9\tcc\debug\link.2980.write.1.tlog
c:\users\liuwu\desktop\tcc vol9\tcc\debug\link.6036-cvtres.read.1.tlog
c:\users\liuwu\desktop\tcc vol9\tcc\debug\link.6036-cvtres.write.1.tlog
c:\users\liuwu\desktop\tcc vol9\tcc\debug\link.6036.read.1.tlog
c:\users\liuwu\desktop\tcc vol9\tcc\debug\link.6036.write.1.tlog
c:\users\liuwu\desktop\tcc vol9\tcc\debug\link.7288-cvtres.read.1.tlog
c:\users\liuwu\desktop\tcc vol9\tcc\debug\link.7288-cvtres.write.1.tlog
c:\users\liuwu\desktop\tcc vol9\tcc\debug\link.7288.read.1.tlog
c:\users\liuwu\desktop\tcc vol9\tcc\debug\link.7288.write.1.tlog
c:\users\liuwu\desktop\tcc vol9\tcc\debug\link.7600-cvtres.read.1.tlog
c:\users\liuwu\desktop\tcc vol9\tcc\debug\link.7600-cvtres.write.1.tlog
c:\users\liuwu\desktop\tcc vol9\tcc\debug\link.7600.read.1.tlog
c:\users\liuwu\desktop\tcc vol9\tcc\debug\link.7600.write.1.tlog
c:\users\liuwu\desktop\tcc vol9\tcc\debug\link.command.1.tlog
c:\users\liuwu\desktop\tcc vol9\tcc\debug\link.read.1.tlog
c:\users\liuwu\desktop\tcc vol9\tcc\debug\link.write.1.tlog
c:\users\liuwu\desktop\tcc vol9\tcc\debug\mt.command.1.tlog
c:\users\liuwu\desktop\tcc vol9\tcc\debug\mt.read.1.tlog
c:\users\liuwu\desktop\tcc vol9\tcc\debug\mt.write.1.tlog
c:\users\liuwu\desktop\tcc vol9\tcc\debug\rc.command.1.tlog
c:\users\liuwu\desktop\tcc vol9\tcc\debug\rc.read.1.tlog
c:\users\liuwu\desktop\tcc vol9\tcc\debug\rc.write.1.tlog
c:\users\liuwu\desktop\tcc vol9\tcc\debug\tcc.write.1.tlog
c:\users\liuwu\desktop\tcc vol9\tcc\debug\tcc.exe.embed.manifest
c:\users\liuwu\desktop\tcc vol9\tcc\debug\tcc.exe.intermediate.manifest
c:\users\liuwu\desktop\tcc vol9\tcc\debug\tcc.exe.embed.manifest.res
c:\users\liuwu\desktop\tcc vol9\tcc\debug\vc100.idb
c:\users\liuwu\desktop\tcc vol9\tcc\debug\vc100.pdb
c:\users\liuwu\desktop\tcc vol9\tcc\debug\tcc_manifest.rc
c:\users\liuwu\desktop\tcc vol9\tcc\debug\tcc.tlog\cl.command.1.tlog
c:\users\liuwu\desktop\tcc vol9\tcc\debug\tcc.tlog\cl.read.1.tlog
c:\users\liuwu\desktop\tcc vol9\tcc\debug\tcc.tlog\cl.write.1.tlog
c:\users\liuwu\desktop\tcc vol9\tcc\debug\tcc.tlog\link.command.1.tlog
c:\users\liuwu\desktop\tcc vol9\tcc\debug\tcc.tlog\link.read.1.tlog
c:\users\liuwu\desktop\tcc vol9\tcc\debug\tcc.tlog\link.write.1.tlog
c:\users\liuwu\desktop\tcc vol9\tcc\debug\tcc.tlog\rc.command.1.tlog
c:\users\liuwu\desktop\tcc vol9\tcc\debug\tcc.tlog\rc.read.1.tlog
c:\users\liuwu\desktop\tcc vol9\tcc\debug\tcc.tlog\rc.write.1.tlog
